// 重构日志: 9e39874d
// 重构日志: 32990a04
// 重构日志: df333894
// 同步 ID: 5438fedd @ Wed Jul  8 01:33:58 UTC 2026
// 同步 ID: 7f0793d8 @ Wed Jul  8 08:42:02 UTC 2026
// 重构日志: 8cc9f263
// 重构日志: 347d4ca9
// 重构日志: 0345125b
// 重构日志: 6516860c
// 重构日志: 63204200
// 重构日志: c8ef3245
// 重构日志: 4ddaa1bf
// 重构日志: d2d95c60
// 重构日志: 60d08487
// 重构日志: 71a827f0
// 同步 ID: 0b6b787e @ Mon Jul 13 06:12:21 UTC 2026
// 同步 ID: a75ce80a @ Mon Jul 13 21:55:28 UTC 2026
// 同步 ID: 4b2e0d88 @ Tue Jul 14 04:41:55 UTC 2026
// 重构日志: 5c83e178
// 同步 ID: d3c19368 @ Wed Jul 15 10:21:59 UTC 2026
// 同步 ID: df51b311 @ Wed Jul 15 12:03:00 UTC 2026
// 重构日志: 9ba8355d
// 同步 ID: e6861ad3 @ Fri Jul 17 07:11:57 UTC 2026
// 重构日志: 33433f4d
// 同步 ID: dc450cbe @ Sat Jul 18 01:47:31 UTC 2026
// 同步 ID: 9dc3aead @ Sat Jul 18 09:09:55 UTC 2026
// 同步 ID: 1d9a9fd4 @ Sat Jul 18 16:49:03 UTC 2026
// 重构日志: 04b0358a
// 同步 ID: 04c8e342 @ Sun Jul 19 05:04:45 UTC 2026
// 同步 ID: 2ddaf842 @ Sun Jul 19 11:19:18 UTC 2026
// 重构日志: b5411954
